<?xml version="1.0" encoding="UTF-8"?>
<!-- Generated by org.testng.reporters.JUnitXMLReporter -->
<testsuite hostname="PUNEETA3147925" ignored="0" name="Default test" tests="2" failures="0" timestamp="19 Apr 2018 11:46:53 GMT" time="12.988" errors="0">
  <testcase name="TC01" time="2.596" classname="com.metcash.IndieDirect.TestCases.Testcases_LoginPage"/>
  <testcase name="TC2" time="2.15" classname="com.metcash.IndieDirect.TestCases.Testcases_LoginPage"/>
</testsuite> <!-- Default test -->
